[ 2016-07-30T21:32:03+08:00 ] ::1 /thinkphp_3.2.3_full/index.php?m=Home&c=User&a=login&username=bryant&userpwd=admin
INFO: [ app_init ] --START--
INFO: Run Behavior\BuildLiteBehavior [ RunTime:0.000038s ]
INFO: [ app_init ] --END-- [ RunTime:0.000744s ]
NOTIC: [8] Use of undefined constant _ROOT_ - assumed '_ROOT_' F:\Wampserver\wamp\www\thinkphp_3.2.3_full\Application\Home\Conf\config.php 第 6 行.
ERR: 无法加载控制器:User

[ 2016-07-30T21:32:17+08:00 ] ::1 /thinkphp_3.2.3_full/index.php?m=Home&c=Users&a=login&username=bryant&userpwd=admin
INFO: [ app_init ] --START--
INFO: Run Behavior\BuildLiteBehavior [ RunTime:0.000026s ]
INFO: [ app_init ] --END-- [ RunTime:0.000557s ]
NOTIC: [8] Use of undefined constant _ROOT_ - assumed '_ROOT_' F:\Wampserver\wamp\www\thinkphp_3.2.3_full\Application\Home\Conf\config.php 第 6 行.

[ 2016-07-30T21:35:56+08:00 ] ::1 /thinkphp_3.2.3_full/index.php?m=Home&c=Users&a=login&username=bryant&userpwd=admin
INFO: [ app_init ] --START--
INFO: Run Behavior\BuildLiteBehavior [ RunTime:0.000031s ]
INFO: [ app_init ] --END-- [ RunTime:0.000599s ]
NOTIC: [8] Use of undefined constant _ROOT_ - assumed '_ROOT_' F:\Wampserver\wamp\www\thinkphp_3.2.3_full\Application\Home\Conf\config.php 第 6 行.

[ 2016-07-30T21:37:34+08:00 ] ::1 /thinkphp_3.2.3_full/index.php?m=Home&c=Users&a=login&username=bryant&userpwd=admin
INFO: [ app_init ] --START--
INFO: Run Behavior\BuildLiteBehavior [ RunTime:0.000027s ]
INFO: [ app_init ] --END-- [ RunTime:0.000500s ]
NOTIC: [8] Use of undefined constant _ROOT_ - assumed '_ROOT_' F:\Wampserver\wamp\www\thinkphp_3.2.3_full\Application\Home\Conf\config.php 第 6 行.

