[ 2016-07-28T00:04:42+08:00 ] ::1 /thinkphp_3.2.3_full/
INFO: [ app_init ] --START--
INFO: Run Behavior\BuildLiteBehavior [ RunTime:0.000034s ]
INFO: [ app_init ] --END-- [ RunTime:0.010555s ]
NOTIC: [8] Use of undefined constant _ROOT_ - assumed '_ROOT_' F:\Wampserver\wamp\www\thinkphp_3.2.3_full\Application\Home\Conf\config.php 第 6 行.
ERR: 模板不存在:./Application/Home/View/Index/index.html

[ 2016-07-28T00:05:28+08:00 ] ::1 /thinkphp_3.2.3_full/
INFO: [ app_init ] --START--
INFO: Run Behavior\BuildLiteBehavior [ RunTime:0.000026s ]
INFO: [ app_init ] --END-- [ RunTime:0.000543s ]
NOTIC: [8] Use of undefined constant _ROOT_ - assumed '_ROOT_' F:\Wampserver\wamp\www\thinkphp_3.2.3_full\Application\Home\Conf\config.php 第 6 行.

[ 2016-07-28T00:14:33+08:00 ] ::1 /thinkphp_3.2.3_full/index.php
INFO: [ app_init ] --START--
INFO: Run Behavior\BuildLiteBehavior [ RunTime:0.000035s ]
INFO: [ app_init ] --END-- [ RunTime:0.000519s ]
NOTIC: [8] Use of undefined constant _ROOT_ - assumed '_ROOT_' F:\Wampserver\wamp\www\thinkphp_3.2.3_full\Application\Home\Conf\config.php 第 6 行.

[ 2016-07-28T00:15:04+08:00 ] ::1 /thinkphp_3.2.3_full/index.php
INFO: [ app_init ] --START--
INFO: Run Behavior\BuildLiteBehavior [ RunTime:0.000025s ]
INFO: [ app_init ] --END-- [ RunTime:0.000647s ]
NOTIC: [8] Use of undefined constant _ROOT_ - assumed '_ROOT_' F:\Wampserver\wamp\www\thinkphp_3.2.3_full\Application\Home\Conf\config.php 第 6 行.
ERR: 模板不存在:./Application/Home/View/Index/index.html

[ 2016-07-28T00:18:03+08:00 ] ::1 /thinkphp_3.2.3_full/index.php?m=hello
INFO: [ app_init ] --START--
INFO: Run Behavior\BuildLiteBehavior [ RunTime:0.000048s ]
INFO: [ app_init ] --END-- [ RunTime:0.000888s ]
NOTIC: [8] Use of undefined constant _ROOT_ - assumed '_ROOT_' F:\Wampserver\wamp\www\thinkphp_3.2.3_full\Application\Home\Conf\config.php 第 6 行.
ERR: 模板不存在:./Application/Home/View/Index/index.html

[ 2016-07-28T00:18:08+08:00 ] ::1 /thinkphp_3.2.3_full/index.php
INFO: [ app_init ] --START--
INFO: Run Behavior\BuildLiteBehavior [ RunTime:0.000026s ]
INFO: [ app_init ] --END-- [ RunTime:0.000467s ]
NOTIC: [8] Use of undefined constant _ROOT_ - assumed '_ROOT_' F:\Wampserver\wamp\www\thinkphp_3.2.3_full\Application\Home\Conf\config.php 第 6 行.
ERR: 模板不存在:./Application/Home/View/Index/index.html

[ 2016-07-28T00:20:20+08:00 ] ::1 /thinkphp_3.2.3_full/index.php?m=home&a=Index&c=hello&name=bryant
INFO: [ app_init ] --START--
INFO: Run Behavior\BuildLiteBehavior [ RunTime:0.000027s ]
INFO: [ app_init ] --END-- [ RunTime:0.000501s ]
NOTIC: [8] Use of undefined constant _ROOT_ - assumed '_ROOT_' F:\Wampserver\wamp\www\thinkphp_3.2.3_full\Application\Home\Conf\config.php 第 6 行.
ERR: 无法加载控制器:Hello

[ 2016-07-28T00:20:46+08:00 ] ::1 /thinkphp_3.2.3_full/index.php?m=home&c=Index&a=hello&name=bryant
INFO: [ app_init ] --START--
INFO: Run Behavior\BuildLiteBehavior [ RunTime:0.000046s ]
INFO: [ app_init ] --END-- [ RunTime:0.000820s ]
NOTIC: [8] Use of undefined constant _ROOT_ - assumed '_ROOT_' F:\Wampserver\wamp\www\thinkphp_3.2.3_full\Application\Home\Conf\config.php 第 6 行.
ERR: 模板不存在:./Application/Home/View/Index/hello.html

[ 2016-07-28T00:23:41+08:00 ] ::1 /thinkphp_3.2.3_full/index.php
INFO: [ app_init ] --START--
INFO: Run Behavior\BuildLiteBehavior [ RunTime:0.000025s ]
INFO: [ app_init ] --END-- [ RunTime:0.000598s ]
NOTIC: [8] Use of undefined constant _ROOT_ - assumed '_ROOT_' F:\Wampserver\wamp\www\thinkphp_3.2.3_full\Application\Home\Conf\config.php 第 6 行.

[ 2016-07-28T00:24:25+08:00 ] ::1 /thinkphp_3.2.3_full/index.php
INFO: [ app_init ] --START--
INFO: Run Behavior\BuildLiteBehavior [ RunTime:0.000027s ]
INFO: [ app_init ] --END-- [ RunTime:0.000617s ]
NOTIC: [8] Use of undefined constant _ROOT_ - assumed '_ROOT_' F:\Wampserver\wamp\www\thinkphp_3.2.3_full\Application\Home\Conf\config.php 第 6 行.

[ 2016-07-28T00:24:31+08:00 ] ::1 /thinkphp_3.2.3_full/
INFO: [ app_init ] --START--
INFO: Run Behavior\BuildLiteBehavior [ RunTime:0.000024s ]
INFO: [ app_init ] --END-- [ RunTime:0.000570s ]
NOTIC: [8] Use of undefined constant _ROOT_ - assumed '_ROOT_' F:\Wampserver\wamp\www\thinkphp_3.2.3_full\Application\Home\Conf\config.php 第 6 行.

[ 2016-07-28T00:25:55+08:00 ] ::1 /thinkphp_3.2.3_full/index.php
INFO: [ app_init ] --START--
INFO: Run Behavior\BuildLiteBehavior [ RunTime:0.000027s ]
INFO: [ app_init ] --END-- [ RunTime:0.000631s ]
NOTIC: [8] Use of undefined constant _ROOT_ - assumed '_ROOT_' F:\Wampserver\wamp\www\thinkphp_3.2.3_full\Application\Home\Conf\config.php 第 6 行.

[ 2016-07-28T00:26:20+08:00 ] ::1 /thinkphp_3.2.3_full/index.php?m=home&c=Index&a=hello&name=bryant
INFO: [ app_init ] --START--
INFO: Run Behavior\BuildLiteBehavior [ RunTime:0.000026s ]
INFO: [ app_init ] --END-- [ RunTime:0.000576s ]
NOTIC: [8] Use of undefined constant _ROOT_ - assumed '_ROOT_' F:\Wampserver\wamp\www\thinkphp_3.2.3_full\Application\Home\Conf\config.php 第 6 行.

[ 2016-07-28T00:26:40+08:00 ] ::1 /thinkphp_3.2.3_full/index.php?m=home&c=Index&a=hello&name=bryant
INFO: [ app_init ] --START--
INFO: Run Behavior\BuildLiteBehavior [ RunTime:0.000035s ]
INFO: [ app_init ] --END-- [ RunTime:0.000713s ]
NOTIC: [8] Use of undefined constant _ROOT_ - assumed '_ROOT_' F:\Wampserver\wamp\www\thinkphp_3.2.3_full\Application\Home\Conf\config.php 第 6 行.

[ 2016-07-28T00:32:22+08:00 ] ::1 /thinkphp_3.2.3_full/index.php?m=home&c=Users&a=login
INFO: [ app_init ] --START--
INFO: Run Behavior\BuildLiteBehavior [ RunTime:0.000026s ]
INFO: [ app_init ] --END-- [ RunTime:0.000581s ]
NOTIC: [8] Use of undefined constant _ROOT_ - assumed '_ROOT_' F:\Wampserver\wamp\www\thinkphp_3.2.3_full\Application\Home\Conf\config.php 第 6 行.

[ 2016-07-28T00:42:11+08:00 ] ::1 /thinkphp_3.2.3_full/index.php?m=home&c=Videos&a=index
INFO: [ app_init ] --START--
INFO: Run Behavior\BuildLiteBehavior [ RunTime:0.000024s ]
INFO: [ app_init ] --END-- [ RunTime:0.000547s ]
NOTIC: [8] Use of undefined constant _ROOT_ - assumed '_ROOT_' F:\Wampserver\wamp\www\thinkphp_3.2.3_full\Application\Home\Conf\config.php 第 6 行.

[ 2016-07-28T00:42:22+08:00 ] ::1 /thinkphp_3.2.3_full/index.php?m=home&c=Articles&a=index
INFO: [ app_init ] --START--
INFO: Run Behavior\BuildLiteBehavior [ RunTime:0.000046s ]
INFO: [ app_init ] --END-- [ RunTime:0.000672s ]
NOTIC: [8] Use of undefined constant _ROOT_ - assumed '_ROOT_' F:\Wampserver\wamp\www\thinkphp_3.2.3_full\Application\Home\Conf\config.php 第 6 行.

[ 2016-07-28T00:42:36+08:00 ] ::1 /thinkphp_3.2.3_full/index.php?m=home&c=Uploads&a=index
INFO: [ app_init ] --START--
INFO: Run Behavior\BuildLiteBehavior [ RunTime:0.000026s ]
INFO: [ app_init ] --END-- [ RunTime:0.000570s ]
NOTIC: [8] Use of undefined constant _ROOT_ - assumed '_ROOT_' F:\Wampserver\wamp\www\thinkphp_3.2.3_full\Application\Home\Conf\config.php 第 6 行.

[ 2016-07-28T00:42:49+08:00 ] ::1 /thinkphp_3.2.3_full/index.php?m=home&c=Graphics&a=index
INFO: [ app_init ] --START--
INFO: Run Behavior\BuildLiteBehavior [ RunTime:0.000024s ]
INFO: [ app_init ] --END-- [ RunTime:0.000574s ]
NOTIC: [8] Use of undefined constant _ROOT_ - assumed '_ROOT_' F:\Wampserver\wamp\www\thinkphp_3.2.3_full\Application\Home\Conf\config.php 第 6 行.

[ 2016-07-28T23:10:28+08:00 ] ::1 /thinkphp_3.2.3_full/index.php?m=Home&c=Index&a=index
INFO: [ app_init ] --START--
INFO: Run Behavior\BuildLiteBehavior [ RunTime:0.000025s ]
INFO: [ app_init ] --END-- [ RunTime:0.000538s ]
NOTIC: [8] Use of undefined constant _ROOT_ - assumed '_ROOT_' F:\Wampserver\wamp\www\thinkphp_3.2.3_full\Application\Home\Conf\config.php 第 6 行.

[ 2016-07-28T23:10:59+08:00 ] ::1 /thinkphp_3.2.3_full/index.php?m=Home&c=Index&a=hello&name=bryant
INFO: [ app_init ] --START--
INFO: Run Behavior\BuildLiteBehavior [ RunTime:0.000028s ]
INFO: [ app_init ] --END-- [ RunTime:0.000547s ]
NOTIC: [8] Use of undefined constant _ROOT_ - assumed '_ROOT_' F:\Wampserver\wamp\www\thinkphp_3.2.3_full\Application\Home\Conf\config.php 第 6 行.

[ 2016-07-28T23:11:21+08:00 ] ::1 /thinkphp_3.2.3_full/index.php?m=Admin&c=Login&a=test
INFO: [ app_init ] --START--
INFO: Run Behavior\BuildLiteBehavior [ RunTime:0.000027s ]
INFO: [ app_init ] --END-- [ RunTime:0.000486s ]
NOTIC: [8] Use of undefined constant _ROOT_ - assumed '_ROOT_' F:\Wampserver\wamp\www\thinkphp_3.2.3_full\Application\Home\Conf\config.php 第 6 行.
ERR: 无法加载控制器:Login

[ 2016-07-28T23:11:56+08:00 ] ::1 /thinkphp_3.2.3_full/index.php?m=Admin&c=Login&a=test
INFO: [ app_init ] --START--
INFO: Run Behavior\BuildLiteBehavior [ RunTime:0.000043s ]
INFO: [ app_init ] --END-- [ RunTime:0.000715s ]
NOTIC: [8] Use of undefined constant _ROOT_ - assumed '_ROOT_' F:\Wampserver\wamp\www\thinkphp_3.2.3_full\Application\Home\Conf\config.php 第 6 行.
ERR: 无法加载控制器:Login

[ 2016-07-28T23:11:57+08:00 ] ::1 /thinkphp_3.2.3_full/index.php?m=Admin&c=Login&a=test
INFO: [ app_init ] --START--
INFO: Run Behavior\BuildLiteBehavior [ RunTime:0.000026s ]
INFO: [ app_init ] --END-- [ RunTime:0.000445s ]
NOTIC: [8] Use of undefined constant _ROOT_ - assumed '_ROOT_' F:\Wampserver\wamp\www\thinkphp_3.2.3_full\Application\Home\Conf\config.php 第 6 行.
ERR: 无法加载控制器:Login

[ 2016-07-28T23:11:57+08:00 ] ::1 /thinkphp_3.2.3_full/index.php?m=Admin&c=Login&a=test
INFO: [ app_init ] --START--
INFO: Run Behavior\BuildLiteBehavior [ RunTime:0.000028s ]
INFO: [ app_init ] --END-- [ RunTime:0.000495s ]
NOTIC: [8] Use of undefined constant _ROOT_ - assumed '_ROOT_' F:\Wampserver\wamp\www\thinkphp_3.2.3_full\Application\Home\Conf\config.php 第 6 行.
ERR: 无法加载控制器:Login

[ 2016-07-28T23:11:59+08:00 ] ::1 /thinkphp_3.2.3_full/index.php?m=Admin&c=Login&a=test
INFO: [ app_init ] --START--
INFO: Run Behavior\BuildLiteBehavior [ RunTime:0.000045s ]
INFO: [ app_init ] --END-- [ RunTime:0.000695s ]
NOTIC: [8] Use of undefined constant _ROOT_ - assumed '_ROOT_' F:\Wampserver\wamp\www\thinkphp_3.2.3_full\Application\Home\Conf\config.php 第 6 行.
ERR: 无法加载控制器:Login

