[ 2016-08-01T20:11:49+08:00 ] ::1 /
INFO: [ app_init ] --START--
INFO: Run Behavior\BuildLiteBehavior [ RunTime:0.000022s ]
INFO: [ app_init ] --END-- [ RunTime:0.000490s ]
INFO: [ app_begin ] --START--
INFO: Run Behavior\ReadHtmlCacheBehavior [ RunTime:0.000628s ]
INFO: [ app_begin ] --END-- [ RunTime:0.000720s ]
INFO: [ view_parse ] --START--
INFO: Run Behavior\ParseTemplateBehavior [ RunTime:0.000426s ]
INFO: [ view_parse ] --END-- [ RunTime:0.000518s ]
INFO: [ view_filter ] --START--
INFO: Run Behavior\WriteHtmlCacheBehavior [ RunTime:0.000486s ]
INFO: [ view_filter ] --END-- [ RunTime:0.000570s ]
INFO: [ app_end ] --START--
INFO: Run Behavior\ShowPageTraceBehavior [ RunTime:0.000625s ]
INFO: [ app_end ] --END-- [ RunTime:0.000712s ]

[ 2016-08-01T20:13:46+08:00 ] ::1 /
INFO: [ app_init ] --START--
INFO: Run Behavior\BuildLiteBehavior [ RunTime:0.000032s ]
INFO: [ app_init ] --END-- [ RunTime:0.000716s ]
NOTIC: [8] Use of undefined constant _ROOT_ - assumed '_ROOT_' E:\wamp\www\Application\V1\Conf\config.php 第 6 行.
ERR: 无法加载控制器:Index

[ 2016-08-01T20:14:34+08:00 ] ::1 /
INFO: [ app_init ] --START--
INFO: Run Behavior\BuildLiteBehavior [ RunTime:0.000021s ]
INFO: [ app_init ] --END-- [ RunTime:0.000368s ]
NOTIC: [8] Use of undefined constant _ROOT_ - assumed '_ROOT_' E:\wamp\www\Application\V1\Conf\config.php 第 6 行.
ERR: 无法加载控制器:Index

[ 2016-08-01T20:14:34+08:00 ] ::1 /
INFO: [ app_init ] --START--
INFO: Run Behavior\BuildLiteBehavior [ RunTime:0.000019s ]
INFO: [ app_init ] --END-- [ RunTime:0.000362s ]
NOTIC: [8] Use of undefined constant _ROOT_ - assumed '_ROOT_' E:\wamp\www\Application\V1\Conf\config.php 第 6 行.
ERR: 无法加载控制器:Index

[ 2016-08-01T20:14:34+08:00 ] ::1 /
INFO: [ app_init ] --START--
INFO: Run Behavior\BuildLiteBehavior [ RunTime:0.000027s ]
INFO: [ app_init ] --END-- [ RunTime:0.000421s ]
NOTIC: [8] Use of undefined constant _ROOT_ - assumed '_ROOT_' E:\wamp\www\Application\V1\Conf\config.php 第 6 行.
ERR: 无法加载控制器:Index

[ 2016-08-01T20:14:34+08:00 ] ::1 /
INFO: [ app_init ] --START--
INFO: Run Behavior\BuildLiteBehavior [ RunTime:0.000020s ]
INFO: [ app_init ] --END-- [ RunTime:0.000370s ]
NOTIC: [8] Use of undefined constant _ROOT_ - assumed '_ROOT_' E:\wamp\www\Application\V1\Conf\config.php 第 6 行.
ERR: 无法加载控制器:Index

[ 2016-08-01T20:14:35+08:00 ] ::1 /
INFO: [ app_init ] --START--
INFO: Run Behavior\BuildLiteBehavior [ RunTime:0.000020s ]
INFO: [ app_init ] --END-- [ RunTime:0.000394s ]
NOTIC: [8] Use of undefined constant _ROOT_ - assumed '_ROOT_' E:\wamp\www\Application\V1\Conf\config.php 第 6 行.
ERR: 无法加载控制器:Index

[ 2016-08-01T20:14:35+08:00 ] ::1 /
INFO: [ app_init ] --START--
INFO: Run Behavior\BuildLiteBehavior [ RunTime:0.000019s ]
INFO: [ app_init ] --END-- [ RunTime:0.000365s ]
NOTIC: [8] Use of undefined constant _ROOT_ - assumed '_ROOT_' E:\wamp\www\Application\V1\Conf\config.php 第 6 行.
ERR: 无法加载控制器:Index

[ 2016-08-01T20:14:48+08:00 ] ::1 /
INFO: [ app_init ] --START--
INFO: Run Behavior\BuildLiteBehavior [ RunTime:0.000039s ]
INFO: [ app_init ] --END-- [ RunTime:0.000526s ]
NOTIC: [8] Use of undefined constant _ROOT_ - assumed '_ROOT_' E:\wamp\www\Application\V1\Conf\config.php 第 6 行.

[ 2016-08-01T20:15:36+08:00 ] ::1 /
INFO: [ app_init ] --START--
INFO: Run Behavior\BuildLiteBehavior [ RunTime:0.000029s ]
INFO: [ app_init ] --END-- [ RunTime:0.000506s ]
NOTIC: [8] Use of undefined constant _ROOT_ - assumed '_ROOT_' E:\wamp\www\Application\V1\Conf\config.php 第 6 行.

[ 2016-08-01T20:15:52+08:00 ] ::1 /
INFO: [ app_init ] --START--
INFO: Run Behavior\BuildLiteBehavior [ RunTime:0.000020s ]
INFO: [ app_init ] --END-- [ RunTime:0.000343s ]
NOTIC: [8] Use of undefined constant _ROOT_ - assumed '_ROOT_' E:\wamp\www\Application\V1\Conf\config.php 第 6 行.

[ 2016-08-01T20:16:28+08:00 ] ::1 /
INFO: [ app_init ] --START--
INFO: Run Behavior\BuildLiteBehavior [ RunTime:0.000021s ]
INFO: [ app_init ] --END-- [ RunTime:0.000350s ]
NOTIC: [8] Use of undefined constant _ROOT_ - assumed '_ROOT_' E:\wamp\www\Application\V1\Conf\config.php 第 6 行.

[ 2016-08-01T20:17:11+08:00 ] ::1 /index.php/V1/index/index
INFO: [ app_init ] --START--
INFO: Run Behavior\BuildLiteBehavior [ RunTime:0.000020s ]
INFO: [ app_init ] --END-- [ RunTime:0.000375s ]
NOTIC: [8] Use of undefined constant _ROOT_ - assumed '_ROOT_' E:\wamp\www\Application\V1\Conf\config.php 第 6 行.
ERR: 无法加载控制器:V1

[ 2016-08-01T20:17:29+08:00 ] ::1 /
INFO: [ app_init ] --START--
INFO: Run Behavior\BuildLiteBehavior [ RunTime:0.000065s ]
INFO: [ app_init ] --END-- [ RunTime:0.000713s ]
NOTIC: [8] Use of undefined constant _ROOT_ - assumed '_ROOT_' E:\wamp\www\Application\V1\Conf\config.php 第 6 行.

[ 2016-08-01T20:18:11+08:00 ] ::1 /index.php/V1/index/index
INFO: [ app_init ] --START--
INFO: Run Behavior\BuildLiteBehavior [ RunTime:0.000020s ]
INFO: [ app_init ] --END-- [ RunTime:0.000364s ]
NOTIC: [8] Use of undefined constant _ROOT_ - assumed '_ROOT_' E:\wamp\www\Application\V1\Conf\config.php 第 6 行.
ERR: 无法加载控制器:V1

[ 2016-08-01T20:20:10+08:00 ] ::1 /index.php/V1/index/index
INFO: [ app_init ] --START--
INFO: Run Behavior\BuildLiteBehavior [ RunTime:0.000029s ]
INFO: [ app_init ] --END-- [ RunTime:0.000410s ]
NOTIC: [8] Use of undefined constant _ROOT_ - assumed '_ROOT_' E:\wamp\www\Application\V1\Conf\config.php 第 6 行.
ERR: 无法加载控制器:V1

[ 2016-08-01T20:20:21+08:00 ] ::1 /index.php/index/index
INFO: [ app_init ] --START--
INFO: Run Behavior\BuildLiteBehavior [ RunTime:0.000019s ]
INFO: [ app_init ] --END-- [ RunTime:0.000363s ]
NOTIC: [8] Use of undefined constant _ROOT_ - assumed '_ROOT_' E:\wamp\www\Application\V1\Conf\config.php 第 6 行.

[ 2016-08-01T20:20:52+08:00 ] ::1 /index.php/index/index
INFO: [ app_init ] --START--
INFO: Run Behavior\BuildLiteBehavior [ RunTime:0.000029s ]
INFO: [ app_init ] --END-- [ RunTime:0.000437s ]
NOTIC: [8] Use of undefined constant _ROOT_ - assumed '_ROOT_' E:\wamp\www\Application\V1\Conf\config.php 第 6 行.

[ 2016-08-01T20:28:02+08:00 ] ::1 /index.php/index/index
INFO: [ app_init ] --START--
INFO: Run Behavior\BuildLiteBehavior [ RunTime:0.000018s ]
INFO: [ app_init ] --END-- [ RunTime:0.000408s ]
NOTIC: [8] Use of undefined constant _ROOT_ - assumed '_ROOT_' E:\wamp\www\Application\V1\Conf\config.php 第 6 行.

[ 2016-08-01T20:28:46+08:00 ] ::1 /index.php/index/index
INFO: [ app_init ] --START--
INFO: Run Behavior\BuildLiteBehavior [ RunTime:0.000020s ]
INFO: [ app_init ] --END-- [ RunTime:0.000427s ]
NOTIC: [8] Use of undefined constant _ROOT_ - assumed '_ROOT_' E:\wamp\www\Application\V1\Conf\config.php 第 6 行.

[ 2016-08-01T20:36:00+08:00 ] ::1 /index.php/V1/index/index
INFO: [ app_init ] --START--
INFO: Run Behavior\BuildLiteBehavior [ RunTime:0.000019s ]
INFO: [ app_init ] --END-- [ RunTime:0.000361s ]
NOTIC: [8] Use of undefined constant _ROOT_ - assumed '_ROOT_' E:\wamp\www\Application\V1\Conf\config.php 第 6 行.
ERR: 无法加载控制器:V1

[ 2016-08-01T20:36:19+08:00 ] ::1 /index.php/V1/index/index
INFO: [ app_init ] --START--
INFO: Run Behavior\BuildLiteBehavior [ RunTime:0.000022s ]
INFO: [ app_init ] --END-- [ RunTime:0.000433s ]
NOTIC: [8] Use of undefined constant _ROOT_ - assumed '_ROOT_' E:\wamp\www\Application\V1\Conf\config.php 第 6 行.

[ 2016-08-01T20:53:44+08:00 ] ::1 /index.php/home/index/index
INFO: [ app_init ] --START--
INFO: Run Behavior\BuildLiteBehavior [ RunTime:0.000022s ]
INFO: [ app_init ] --END-- [ RunTime:0.000465s ]
NOTIC: [8] Use of undefined constant _ROOT_ - assumed '_ROOT_' E:\wamp\www\Application\V1\Conf\config.php 第 6 行.
ERR: 无法加载控制器:Home

[ 2016-08-01T20:53:47+08:00 ] ::1 /index.php//index/index
INFO: [ app_init ] --START--
INFO: Run Behavior\BuildLiteBehavior [ RunTime:0.000022s ]
INFO: [ app_init ] --END-- [ RunTime:0.000466s ]
NOTIC: [8] Use of undefined constant _ROOT_ - assumed '_ROOT_' E:\wamp\www\Application\V1\Conf\config.php 第 6 行.

[ 2016-08-01T20:53:57+08:00 ] ::1 /index.php/user/login
INFO: [ app_init ] --START--
INFO: Run Behavior\BuildLiteBehavior [ RunTime:0.000027s ]
INFO: [ app_init ] --END-- [ RunTime:0.000417s ]
NOTIC: [8] Use of undefined constant _ROOT_ - assumed '_ROOT_' E:\wamp\www\Application\V1\Conf\config.php 第 6 行.
ERR: 无法加载控制器:User

[ 2016-08-01T20:54:07+08:00 ] ::1 /index.php/users/login
INFO: [ app_init ] --START--
INFO: Run Behavior\BuildLiteBehavior [ RunTime:0.000021s ]
INFO: [ app_init ] --END-- [ RunTime:0.000369s ]
NOTIC: [8] Use of undefined constant _ROOT_ - assumed '_ROOT_' E:\wamp\www\Application\V1\Conf\config.php 第 6 行.

[ 2016-08-01T20:54:49+08:00 ] ::1 /index.php/users/login?username=bryant&userpwd=21232f297a57a5a743894a0e4a801fc3
INFO: [ app_init ] --START--
INFO: Run Behavior\BuildLiteBehavior [ RunTime:0.000023s ]
INFO: [ app_init ] --END-- [ RunTime:0.000384s ]
NOTIC: [8] Use of undefined constant _ROOT_ - assumed '_ROOT_' E:\wamp\www\Application\V1\Conf\config.php 第 6 行.

[ 2016-08-01T21:03:47+08:00 ] ::1 /index.php/users/login?username=bryant&userpwd=21232f297a57a5a743894a0e4a801fc3
INFO: [ app_init ] --START--
INFO: Run Behavior\BuildLiteBehavior [ RunTime:0.000034s ]
INFO: [ app_init ] --END-- [ RunTime:0.000474s ]
NOTIC: [8] Use of undefined constant _ROOT_ - assumed '_ROOT_' E:\wamp\www\Application\V1\Conf\config.php 第 6 行.

[ 2016-08-01T21:04:53+08:00 ] ::1 /index.php/users/login?username=bryant&userpwd=21232f297a57a5a743894a0e4a801fc3
INFO: [ app_init ] --START--
INFO: Run Behavior\BuildLiteBehavior [ RunTime:0.000022s ]
INFO: [ app_init ] --END-- [ RunTime:0.000432s ]
NOTIC: [8] Use of undefined constant _ROOT_ - assumed '_ROOT_' E:\wamp\www\Application\V1\Conf\config.php 第 6 行.

[ 2016-08-01T21:06:07+08:00 ] ::1 /index.php/users/login?username=bryant&userpwd=123321
INFO: [ app_init ] --START--
INFO: Run Behavior\BuildLiteBehavior [ RunTime:0.000023s ]
INFO: [ app_init ] --END-- [ RunTime:0.000390s ]
NOTIC: [8] Use of undefined constant _ROOT_ - assumed '_ROOT_' E:\wamp\www\Application\V1\Conf\config.php 第 6 行.

[ 2016-08-01T21:07:51+08:00 ] ::1 /index.php/users/login?username=allen&userpwd=123321
INFO: [ app_init ] --START--
INFO: Run Behavior\BuildLiteBehavior [ RunTime:0.000022s ]
INFO: [ app_init ] --END-- [ RunTime:0.000378s ]
NOTIC: [8] Use of undefined constant _ROOT_ - assumed '_ROOT_' E:\wamp\www\Application\V1\Conf\config.php 第 6 行.

[ 2016-08-01T21:18:17+08:00 ] ::1 /index.php/users/login?username=allen&userpwd=123321
INFO: [ app_init ] --START--
INFO: Run Behavior\BuildLiteBehavior [ RunTime:0.000023s ]
INFO: [ app_init ] --END-- [ RunTime:0.000389s ]
NOTIC: [8] Use of undefined constant _ROOT_ - assumed '_ROOT_' E:\wamp\www\Application\V1\Conf\config.php 第 6 行.

